Using pre-set license
Built from '2020.3/release' branch; Version is '2020.3.15f2 (6cf78cb77498) revision 7141260'; Using compiler version '192528614'; Build Type 'Release'
OS: 'Windows 10 Pro; OS build 19043.1237; Version 2009; 64bit' Language: 'en' Physical Memory: 24509 MB
BatchMode: 1, IsHumanControllingUs: 0, StartBugReporterOnCrash: 0, Is64bit: 1, IsPro: 0

 COMMAND LINE ARGUMENTS:
D:\Program Files (x86)\Unity\2020.3.15f2\Editor\Unity.exe
-adb2
-batchMode
-noUpm
-name
AssetImportWorker0
-projectPath
D:/Program Files (x86)/Unity Projects/Shopping Spree
-logFile
Logs/AssetImportWorker0.log
-srvPort
8105
Successfully changed project path to: D:/Program Files (x86)/Unity Projects/Shopping Spree
D:/Program Files (x86)/Unity Projects/Shopping Spree
Using Asset Import Pipeline V2.
Refreshing native plugins compatible for Editor in 40.20 ms, found 3 plugins.
Preloading 0 native plugins for Editor in 0.00 ms.
Initialize engine version: 2020.3.15f2 (6cf78cb77498)
[Subsystems] Discovering subsystems at path D:/Program Files (x86)/Unity/2020.3.15f2/Editor/Data/Resources/UnitySubsystems
[Subsystems] Discovering subsystems at path D:/Program Files (x86)/Unity Projects/Shopping Spree/Assets
GfxDevice: creating device client; threaded=0
Direct3D:
    Version:  Direct3D 11.0 [level 11.1]
    Renderer: NVIDIA GeForce GTX 1070 (ID=0x1b81)
    Vendor:   
    VRAM:     8088 MB
    Driver:   30.0.14.7141
Initialize mono
Mono path[0] = 'D:/Program Files (x86)/Unity/2020.3.15f2/Editor/Data/Managed'
Mono path[1] = 'D:/Program Files (x86)/Unity/2020.3.15f2/Editor/Data/MonoBleedingEdge/lib/mono/unityjit'
Mono config path = 'D:/Program Files (x86)/Unity/2020.3.15f2/Editor/Data/MonoBleedingEdge/etc'
Using monoOptions --debugger-agent=transport=dt_socket,embedding=1,server=y,suspend=n,address=127.0.0.1:56484
Begin MonoManager ReloadAssembly
Registering precompiled unity dll's ...
Register platform support module: D:/Program Files (x86)/Unity/2020.3.15f2/Editor/Data/PlaybackEngines/WindowsStandaloneSupport/UnityEditor.WindowsStandalone.Extensions.dll
Registered in 0.001106 seconds.
Native extension for WindowsStandalone target not found
Refreshing native plugins compatible for Editor in 40.50 ms, found 3 plugins.
Preloading 0 native plugins for Editor in 0.00 ms.
Mono: successfully reloaded assembly
- Completed reload, in  1.003 seconds
Domain Reload Profiling:
	ReloadAssembly (1003ms)
		BeginReloadAssembly (59ms)
			ExecutionOrderSort (0ms)
			DisableScriptedObjects (0ms)
			BackupInstance (0ms)
			ReleaseScriptingObjects (0ms)
			CreateAndSetChildDomain (1ms)
		EndReloadAssembly (358ms)
			LoadAssemblies (59ms)
			RebuildTransferFunctionScriptingTraits (0ms)
			SetupTypeCache (130ms)
			ReleaseScriptCaches (0ms)
			RebuildScriptCaches (26ms)
			SetupLoadedEditorAssemblies (144ms)
				LogAssemblyErrors (0ms)
				InitializePlatformSupportModulesInManaged (3ms)
				SetLoadedEditorAssemblies (0ms)
				RefreshPlugins (41ms)
				BeforeProcessingInitializeOnLoad (11ms)
				ProcessInitializeOnLoadAttributes (66ms)
				ProcessInitializeOnLoadMethodAttributes (23ms)
				AfterProcessingInitializeOnLoad (0ms)
				EditorAssembliesLoaded (0ms)
			ExecutionOrderSort2 (0ms)
			AwakeInstancesAfterBackupRestoration (0ms)
Platform modules already initialized, skipping
Registering precompiled user dll's ...
Registered in 0.004249 seconds.
Begin MonoManager ReloadAssembly
Native extension for WindowsStandalone target not found
Refreshing native plugins compatible for Editor in 38.87 ms, found 3 plugins.
Preloading 0 native plugins for Editor in 0.00 ms.
Mono: successfully reloaded assembly
- Completed reload, in  1.153 seconds
Domain Reload Profiling:
	ReloadAssembly (1154ms)
		BeginReloadAssembly (132ms)
			ExecutionOrderSort (0ms)
			DisableScriptedObjects (4ms)
			BackupInstance (0ms)
			ReleaseScriptingObjects (0ms)
			CreateAndSetChildDomain (15ms)
		EndReloadAssembly (975ms)
			LoadAssemblies (95ms)
			RebuildTransferFunctionScriptingTraits (0ms)
			SetupTypeCache (315ms)
			ReleaseScriptCaches (1ms)
			RebuildScriptCaches (58ms)
			SetupLoadedEditorAssemblies (400ms)
				LogAssemblyErrors (0ms)
				InitializePlatformSupportModulesInManaged (3ms)
				SetLoadedEditorAssemblies (0ms)
				RefreshPlugins (39ms)
				BeforeProcessingInitializeOnLoad (71ms)
				ProcessInitializeOnLoadAttributes (272ms)
				ProcessInitializeOnLoadMethodAttributes (12ms)
				AfterProcessingInitializeOnLoad (2ms)
				EditorAssembliesLoaded (0ms)
			ExecutionOrderSort2 (0ms)
			AwakeInstancesAfterBackupRestoration (5ms)
Platform modules already initialized, skipping
========================================================================
Worker process is ready to serve import requests
Launched and connected shader compiler UnityShaderCompiler.exe after 0.06 seconds
Refreshing native plugins compatible for Editor in 0.51 ms, found 3 plugins.
Preloading 0 native plugins for Editor in 0.00 ms.
Unloading 2465 Unused Serialized files (Serialized files now loaded: 0)
System memory in use before: 108.9 MB.
System memory in use after: 109.0 MB.

Unloading 37 unused Assets to reduce memory usage. Loaded Objects now: 2898.
Total: 2.854800 ms (FindLiveObjects: 0.275500 ms CreateObjectMapping: 0.190300 ms MarkObjects: 2.251300 ms  DeleteObjects: 0.136600 ms)

AssetImportParameters requested are different than current active one (requested -> active):
  custom:framework-win-MediaFoundation: 216162199b28c13a410421893ffa2e32 -> 
  custom:video-decoder-ogg-theora: a1e56fd34408186e4bbccfd4996cb3dc -> 
  custom:container-muxer-webm: aa71ff27fc2769a1b78a27578f13a17b -> 
  custom:container-demuxer-webm: 4f35f7cbe854078d1ac9338744f61a02 -> 
  custom:container-demuxer-ogg: 62fdf1f143b41e24485cea50d1cbac27 -> 
  custom:video-encoder-webm-vp8: eb34c28f22e8b96e1ab97ce403110664 -> 
  custom:video-decoder-webm-vp8: 9c59270c3fd7afecdb556c50c9e8de78 -> 
  custom:audio-decoder-ogg-vorbis: bf7c407c2cedff20999df2af8eb42d56 -> 
  custom:audio-encoder-webm-vorbis: bf7c407c2cedff20999df2af8eb42d56 -> 
========================================================================
Received Import Request.
  path: Assets/AnimationImporter/Editor
  artifactKey: Guid(ae4fd0cb3021c79459f434d254161766) Importer(815301076,1909f56bfc062723c751e8b465ee728b)
Start importing Assets/AnimationImporter/Editor using Guid(ae4fd0cb3021c79459f434d254161766) Importer(815301076,1909f56bfc062723c751e8b465ee728b)  -> (artifact id: 'bf54bcf2cccc54cc513bb86271b36147') in 0.009758 seconds 
  Import took 0.013171 seconds .

========================================================================
Received Import Request.
  Time since last request: 0.000185 seconds.
  path: Assets/AnimationImporter
  artifactKey: Guid(f60cbd48baeb9e84692a5d2ba343b303) Importer(815301076,1909f56bfc062723c751e8b465ee728b)
Start importing Assets/AnimationImporter using Guid(f60cbd48baeb9e84692a5d2ba343b303) Importer(815301076,1909f56bfc062723c751e8b465ee728b)  -> (artifact id: '60ce809dcbcfe71e03fc1d7395acca4d') in 0.006986 seconds 
  Import took 0.010141 seconds .

========================================================================
Received Import Request.
  Time since last request: 3.170113 seconds.
  path: Assets/Audio/MainMixer.mixer
  artifactKey: Guid(5a4314cc3feaa9c4ea89957bffcdba15) Importer(815301076,1909f56bfc062723c751e8b465ee728b)
Start importing Assets/Audio/MainMixer.mixer using Guid(5a4314cc3feaa9c4ea89957bffcdba15) Importer(815301076,1909f56bfc062723c751e8b465ee728b)  -> (artifact id: '3dd7c071e84e3ffda5d7e3b8b0792da5') in 0.036106 seconds 
  Import took 0.039372 seconds .

========================================================================
Received Import Request.
  Time since last request: 5.789024 seconds.
  path: Assets/Inputs/Controls.inputactions
  artifactKey: Guid(bc1d9e9ad89f60a479842ee6aec4ec35) Importer(815301076,1909f56bfc062723c751e8b465ee728b)
Start importing Assets/Inputs/Controls.inputactions using Guid(bc1d9e9ad89f60a479842ee6aec4ec35) Importer(815301076,1909f56bfc062723c751e8b465ee728b)  -> (artifact id: 'f4ff9b85358698b690b59a68aa6480ba') in 0.012067 seconds 
  Import took 0.016187 seconds .

========================================================================
Received Import Request.
  Time since last request: 28.907572 seconds.
  path: Assets/Scenes/SampleScene.unity
  artifactKey: Guid(2cda990e2423bbf4892e6590ba056729) Importer(815301076,1909f56bfc062723c751e8b465ee728b)
Start importing Assets/Scenes/SampleScene.unity using Guid(2cda990e2423bbf4892e6590ba056729) Importer(815301076,1909f56bfc062723c751e8b465ee728b)  -> (artifact id: 'aa27944bdea339c97c39027c7eea529c') in 0.006659 seconds 
  Import took 0.009738 seconds .

========================================================================
Received Import Request.
  Time since last request: 0.705639 seconds.
  path: Assets/Scenes/Sample Menu UI Scene.unity
  artifactKey: Guid(0184d9469dfdc66429e213e32d3dfae3) Importer(815301076,1909f56bfc062723c751e8b465ee728b)
Start importing Assets/Scenes/Sample Menu UI Scene.unity using Guid(0184d9469dfdc66429e213e32d3dfae3) Importer(815301076,1909f56bfc062723c751e8b465ee728b)  -> (artifact id: 'db5c4d2d111f138015a5e726ef25f010') in 0.005641 seconds 
  Import took 0.008784 seconds .

========================================================================
Received Import Request.
  Time since last request: 4.878302 seconds.
  path: Assets/Scripts/Menu System
  artifactKey: Guid(c71e6b1280854b146b60ef5fed7bf2e5) Importer(815301076,1909f56bfc062723c751e8b465ee728b)
Start importing Assets/Scripts/Menu System using Guid(c71e6b1280854b146b60ef5fed7bf2e5) Importer(815301076,1909f56bfc062723c751e8b465ee728b)  -> (artifact id: '9f5b65998a2abfc27463da4489a45fb8') in 0.005415 seconds 
  Import took 0.008654 seconds .

========================================================================
Received Import Request.
  Time since last request: 3.788993 seconds.
  path: Assets/Scripts
  artifactKey: Guid(31ad76613644d0148bd411fc270f1f15) Importer(815301076,1909f56bfc062723c751e8b465ee728b)
Start importing Assets/Scripts using Guid(31ad76613644d0148bd411fc270f1f15) Importer(815301076,1909f56bfc062723c751e8b465ee728b)  -> (artifact id: 'fd831f5647bbf1f32ed10f29f4282242') in 0.005482 seconds 
  Import took 0.008578 seconds .

========================================================================
Received Import Request.
  Time since last request: 11.924417 seconds.
  path: Assets/Scripts/New Folder
  artifactKey: Guid(2fb67512cd7fc8a499e8ed079d85f06f) Importer(815301076,1909f56bfc062723c751e8b465ee728b)
Start importing Assets/Scripts/New Folder using Guid(2fb67512cd7fc8a499e8ed079d85f06f) Importer(815301076,1909f56bfc062723c751e8b465ee728b)  -> (artifact id: '636ae472839102a716c84abd72a69415') in 0.005706 seconds 
  Import took 0.009185 seconds .

